<?xml version="1.0" encoding="UTF-8"?>
<!-- Generated by org.testng.reporters.JUnitXMLReporter -->
<testsuite hostname="SUBHASHA-PC" ignored="0" name="Test" tests="35" failures="6" timestamp="26 Dec 2019 11:59:09 GMT" time="338.974" errors="0">
  <testcase name="Verify_Login_WithValidInputs" time="24.703" classname="com.kt.enrollez.Broker_Representaive_TestCase"/>
  <testcase name="Verify_Application_Title" time="0.02" classname="com.kt.enrollez.Broker_Login_TestCase"/>
  <testcase name="Verify_Login_WithValidInputs" time="11.942" classname="com.kt.enrollez.Broker_Dashbaord_TestCase"/>
  <testcase name="Verify_Login_WithValidInputs" time="15.586" classname="com.kt.enrollez.Broker_AddEmployer_TestCase"/>
  <testcase name="Verify_Cancel_Broker" time="17.614" classname="com.kt.enrollez.Broker_Representaive_TestCase"/>
  <testcase name="Verify_Logo" time="0.084" classname="com.kt.enrollez.Broker_Login_TestCase"/>
  <testcase name="Verify_Details_link" time="3.847" classname="com.kt.enrollez.Broker_Dashbaord_TestCase"/>
  <testcase name="AddEmployer_CompanyInformation" time="41.406" classname="com.kt.enrollez.Broker_AddEmployer_TestCase">
    <failure type="org.openqa.selenium.NoSuchElementException" message="Unable to locate element: //div[@class=&amp;apos;success&amp;apos;]
For documentation on this error, please visit: http://seleniumhq.org/exceptions/no_such_element.html
Build info: version: &amp;apos;3.9.1&amp;apos;, revision: &amp;apos;63f7b50&amp;apos;, time: &amp;apos;2018-02-07T22:25:02.294Z&amp;apos;
System info: host: &amp;apos;SUBHASHA-PC&amp;apos;, ip: &amp;apos;192.168.1.203&amp;apos;, os.name: &amp;apos;Windows 10&amp;apos;, os.arch: &amp;apos;amd64&amp;apos;, os.version: &amp;apos;10.0&amp;apos;, java.version: &amp;apos;1.8.0_212&amp;apos;
Driver info: org.openqa.selenium.firefox.FirefoxDriver
Capabilities {acceptInsecureCerts: true, browserName: firefox, browserVersion: 71.0, javascriptEnabled: true, moz:accessibilityChecks: false, moz:buildID: 20191202093317, moz:geckodriverVersion: 0.26.0, moz:headless: false, moz:processID: 10436, moz:profile: C:\Users\Subhash\AppData\Lo..., moz:shutdownTimeout: 60000, moz:useNonSpecCompliantPointerOrigin: false, moz:webdriverClick: true, pageLoadStrategy: normal, platform: WINDOWS, platformName: WINDOWS, platformVersion: 10.0, rotatable: false, setWindowRect: true, strictFileInteractability: false, timeouts: {implicit: 0, pageLoad: 300000, script: 30000}, unhandledPromptBehavior: dismiss and notify}
Session ID: 2f1485bd-511b-4248-9d6a-98412d1170ce
*** Element info: {Using=xpath, value=//div[@class=&amp;apos;success&amp;apos;]}">
      <![CDATA[org.openqa.selenium.NoSuchElementException: Unable to locate element: //div[@class='success']
For documentation on this error, please visit: http://seleniumhq.org/exceptions/no_such_element.html
Build info: version: '3.9.1', revision: '63f7b50', time: '2018-02-07T22:25:02.294Z'
System info: host: 'SUBHASHA-PC', ip: '192.168.1.203', os.name: 'Windows 10', os.arch: 'amd64', os.version: '10.0', java.version: '1.8.0_212'
Driver info: org.openqa.selenium.firefox.FirefoxDriver
Capabilities {acceptInsecureCerts: true, browserName: firefox, browserVersion: 71.0, javascriptEnabled: true, moz:accessibilityChecks: false, moz:buildID: 20191202093317, moz:geckodriverVersion: 0.26.0, moz:headless: false, moz:processID: 10436, moz:profile: C:\Users\Subhash\AppData\Lo..., moz:shutdownTimeout: 60000, moz:useNonSpecCompliantPointerOrigin: false, moz:webdriverClick: true, pageLoadStrategy: normal, platform: WINDOWS, platformName: WINDOWS, platformVersion: 10.0, rotatable: false, setWindowRect: true, strictFileInteractability: false, timeouts: {implicit: 0, pageLoad: 300000, script: 30000}, unhandledPromptBehavior: dismiss and notify}
Session ID: 2f1485bd-511b-4248-9d6a-98412d1170ce
*** Element info: {Using=xpath, value=//div[@class='success']}
	at org.openqa.selenium.remote.http.W3CHttpResponseCodec.createException(W3CHttpResponseCodec.java:187)
	at org.openqa.selenium.remote.http.W3CHttpResponseCodec.decode(W3CHttpResponseCodec.java:122)
	at org.openqa.selenium.remote.http.W3CHttpResponseCodec.decode(W3CHttpResponseCodec.java:49)
	at org.openqa.selenium.remote.HttpCommandExecutor.execute(HttpCommandExecutor.java:160)
	at org.openqa.selenium.remote.service.DriverCommandExecutor.execute(DriverCommandExecutor.java:83)
	at org.openqa.selenium.remote.RemoteWebDriver.execute(RemoteWebDriver.java:601)
	at org.openqa.selenium.remote.RemoteWebDriver.findElement(RemoteWebDriver.java:371)
	at org.openqa.selenium.remote.RemoteWebDriver.findElementByXPath(RemoteWebDriver.java:473)
	at org.openqa.selenium.By$ByXPath.findElement(By.java:361)
	at org.openqa.selenium.remote.RemoteWebDriver.findElement(RemoteWebDriver.java:363)
	at com.kt.enrollez.Broker_AddEmployer_TestCase.AddEmployer_CompanyInformation(Broker_AddEmployer_TestCase.java:106)
... Removed 29 stack frames]]>
    </failure>
  </testcase> <!-- AddEmployer_CompanyInformation -->
  <testcase name="Add_BrokerRep" time="13.468" classname="com.kt.enrollez.Broker_Representaive_TestCase"/>
  <testcase name="Add_BrokerRep" time="14.103" classname="com.kt.enrollez.Broker_Representaive_TestCase"/>
  <testcase name="Add_BrokerRep" time="16.764" classname="com.kt.enrollez.Broker_Representaive_TestCase"/>
  <testcase name="Verify_Application_Url" time="0.012" classname="com.kt.enrollez.Broker_Login_TestCase"/>
  <testcase name="Verify_Credentials_link" time="3.223" classname="com.kt.enrollez.Broker_Dashbaord_TestCase"/>
  <testcase name="Verify_Applications" time="31.844" classname="com.kt.enrollez.Broker_AddEmployer_TestCase">
    <failure type="org.openqa.selenium.NoSuchElementException" message="Unable to locate element: //input[@id=&amp;apos;application3&amp;apos;]
For documentation on this error, please visit: http://seleniumhq.org/exceptions/no_such_element.html
Build info: version: &amp;apos;3.9.1&amp;apos;, revision: &amp;apos;63f7b50&amp;apos;, time: &amp;apos;2018-02-07T22:25:02.294Z&amp;apos;
System info: host: &amp;apos;SUBHASHA-PC&amp;apos;, ip: &amp;apos;192.168.1.203&amp;apos;, os.name: &amp;apos;Windows 10&amp;apos;, os.arch: &amp;apos;amd64&amp;apos;, os.version: &amp;apos;10.0&amp;apos;, java.version: &amp;apos;1.8.0_212&amp;apos;
Driver info: org.openqa.selenium.firefox.FirefoxDriver
Capabilities {acceptInsecureCerts: true, browserName: firefox, browserVersion: 71.0, javascriptEnabled: true, moz:accessibilityChecks: false, moz:buildID: 20191202093317, moz:geckodriverVersion: 0.26.0, moz:headless: false, moz:processID: 10436, moz:profile: C:\Users\Subhash\AppData\Lo..., moz:shutdownTimeout: 60000, moz:useNonSpecCompliantPointerOrigin: false, moz:webdriverClick: true, pageLoadStrategy: normal, platform: WINDOWS, platformName: WINDOWS, platformVersion: 10.0, rotatable: false, setWindowRect: true, strictFileInteractability: false, timeouts: {implicit: 0, pageLoad: 300000, script: 30000}, unhandledPromptBehavior: dismiss and notify}
Session ID: 2f1485bd-511b-4248-9d6a-98412d1170ce
*** Element info: {Using=xpath, value=//input[@id=&amp;apos;application3&amp;apos;]}">
      <![CDATA[org.openqa.selenium.NoSuchElementException: Unable to locate element: //input[@id='application3']
For documentation on this error, please visit: http://seleniumhq.org/exceptions/no_such_element.html
Build info: version: '3.9.1', revision: '63f7b50', time: '2018-02-07T22:25:02.294Z'
System info: host: 'SUBHASHA-PC', ip: '192.168.1.203', os.name: 'Windows 10', os.arch: 'amd64', os.version: '10.0', java.version: '1.8.0_212'
Driver info: org.openqa.selenium.firefox.FirefoxDriver
Capabilities {acceptInsecureCerts: true, browserName: firefox, browserVersion: 71.0, javascriptEnabled: true, moz:accessibilityChecks: false, moz:buildID: 20191202093317, moz:geckodriverVersion: 0.26.0, moz:headless: false, moz:processID: 10436, moz:profile: C:\Users\Subhash\AppData\Lo..., moz:shutdownTimeout: 60000, moz:useNonSpecCompliantPointerOrigin: false, moz:webdriverClick: true, pageLoadStrategy: normal, platform: WINDOWS, platformName: WINDOWS, platformVersion: 10.0, rotatable: false, setWindowRect: true, strictFileInteractability: false, timeouts: {implicit: 0, pageLoad: 300000, script: 30000}, unhandledPromptBehavior: dismiss and notify}
Session ID: 2f1485bd-511b-4248-9d6a-98412d1170ce
*** Element info: {Using=xpath, value=//input[@id='application3']}
	at org.openqa.selenium.remote.http.W3CHttpResponseCodec.createException(W3CHttpResponseCodec.java:187)
	at org.openqa.selenium.remote.http.W3CHttpResponseCodec.decode(W3CHttpResponseCodec.java:122)
	at org.openqa.selenium.remote.http.W3CHttpResponseCodec.decode(W3CHttpResponseCodec.java:49)
	at org.openqa.selenium.remote.HttpCommandExecutor.execute(HttpCommandExecutor.java:160)
	at org.openqa.selenium.remote.service.DriverCommandExecutor.execute(DriverCommandExecutor.java:83)
	at org.openqa.selenium.remote.RemoteWebDriver.execute(RemoteWebDriver.java:601)
	at org.openqa.selenium.remote.RemoteWebDriver.findElement(RemoteWebDriver.java:371)
	at org.openqa.selenium.remote.RemoteWebDriver.findElementByXPath(RemoteWebDriver.java:473)
	at org.openqa.selenium.By$ByXPath.findElement(By.java:361)
	at org.openqa.selenium.remote.RemoteWebDriver.findElement(RemoteWebDriver.java:363)
	at com.kt.enrollez.Broker_AddEmployer_TestCase.Verify_Applications(Broker_AddEmployer_TestCase.java:129)
... Removed 29 stack frames]]>
    </failure>
  </testcase> <!-- Verify_Applications -->
  <testcase name="VerifyClick" time="4.552" classname="com.kt.enrollez.Broker_Representaive_TestCase"/>
  <testcase name="Verify_Placeholder_ofAllfields" time="0.086" classname="com.kt.enrollez.Broker_Login_TestCase"/>
  <testcase name="Verify_BrokerRep_link" time="5.698" classname="com.kt.enrollez.Broker_Dashbaord_TestCase"/>
  <testcase name="Client_Representative" time="31.023" classname="com.kt.enrollez.Broker_AddEmployer_TestCase">
    <failure type="org.openqa.selenium.NoSuchElementException" message="Unable to locate element: //input[@id=&amp;apos;RepresentativeDesignation&amp;apos;]
For documentation on this error, please visit: http://seleniumhq.org/exceptions/no_such_element.html
Build info: version: &amp;apos;3.9.1&amp;apos;, revision: &amp;apos;63f7b50&amp;apos;, time: &amp;apos;2018-02-07T22:25:02.294Z&amp;apos;
System info: host: &amp;apos;SUBHASHA-PC&amp;apos;, ip: &amp;apos;192.168.1.203&amp;apos;, os.name: &amp;apos;Windows 10&amp;apos;, os.arch: &amp;apos;amd64&amp;apos;, os.version: &amp;apos;10.0&amp;apos;, java.version: &amp;apos;1.8.0_212&amp;apos;
Driver info: org.openqa.selenium.firefox.FirefoxDriver
Capabilities {acceptInsecureCerts: true, browserName: firefox, browserVersion: 71.0, javascriptEnabled: true, moz:accessibilityChecks: false, moz:buildID: 20191202093317, moz:geckodriverVersion: 0.26.0, moz:headless: false, moz:processID: 10436, moz:profile: C:\Users\Subhash\AppData\Lo..., moz:shutdownTimeout: 60000, moz:useNonSpecCompliantPointerOrigin: false, moz:webdriverClick: true, pageLoadStrategy: normal, platform: WINDOWS, platformName: WINDOWS, platformVersion: 10.0, rotatable: false, setWindowRect: true, strictFileInteractability: false, timeouts: {implicit: 0, pageLoad: 300000, script: 30000}, unhandledPromptBehavior: dismiss and notify}
Session ID: 2f1485bd-511b-4248-9d6a-98412d1170ce
*** Element info: {Using=xpath, value=//input[@id=&amp;apos;RepresentativeDesignation&amp;apos;]}">
      <![CDATA[org.openqa.selenium.NoSuchElementException: Unable to locate element: //input[@id='RepresentativeDesignation']
For documentation on this error, please visit: http://seleniumhq.org/exceptions/no_such_element.html
Build info: version: '3.9.1', revision: '63f7b50', time: '2018-02-07T22:25:02.294Z'
System info: host: 'SUBHASHA-PC', ip: '192.168.1.203', os.name: 'Windows 10', os.arch: 'amd64', os.version: '10.0', java.version: '1.8.0_212'
Driver info: org.openqa.selenium.firefox.FirefoxDriver
Capabilities {acceptInsecureCerts: true, browserName: firefox, browserVersion: 71.0, javascriptEnabled: true, moz:accessibilityChecks: false, moz:buildID: 20191202093317, moz:geckodriverVersion: 0.26.0, moz:headless: false, moz:processID: 10436, moz:profile: C:\Users\Subhash\AppData\Lo..., moz:shutdownTimeout: 60000, moz:useNonSpecCompliantPointerOrigin: false, moz:webdriverClick: true, pageLoadStrategy: normal, platform: WINDOWS, platformName: WINDOWS, platformVersion: 10.0, rotatable: false, setWindowRect: true, strictFileInteractability: false, timeouts: {implicit: 0, pageLoad: 300000, script: 30000}, unhandledPromptBehavior: dismiss and notify}
Session ID: 2f1485bd-511b-4248-9d6a-98412d1170ce
*** Element info: {Using=xpath, value=//input[@id='RepresentativeDesignation']}
	at org.openqa.selenium.remote.http.W3CHttpResponseCodec.createException(W3CHttpResponseCodec.java:187)
	at org.openqa.selenium.remote.http.W3CHttpResponseCodec.decode(W3CHttpResponseCodec.java:122)
	at org.openqa.selenium.remote.http.W3CHttpResponseCodec.decode(W3CHttpResponseCodec.java:49)
	at org.openqa.selenium.remote.HttpCommandExecutor.execute(HttpCommandExecutor.java:160)
	at org.openqa.selenium.remote.service.DriverCommandExecutor.execute(DriverCommandExecutor.java:83)
	at org.openqa.selenium.remote.RemoteWebDriver.execute(RemoteWebDriver.java:601)
	at org.openqa.selenium.remote.RemoteWebDriver.findElement(RemoteWebDriver.java:371)
	at org.openqa.selenium.remote.RemoteWebDriver.findElementByXPath(RemoteWebDriver.java:473)
	at org.openqa.selenium.By$ByXPath.findElement(By.java:361)
	at org.openqa.selenium.remote.RemoteWebDriver.findElement(RemoteWebDriver.java:363)
	at com.kt.enrollez.Broker_AddEmployer_TestCase.Client_Representative(Broker_AddEmployer_TestCase.java:148)
... Removed 29 stack frames]]>
    </failure>
  </testcase> <!-- Client_Representative -->
  <testcase name="Client_Representative" time="31.023" classname="com.kt.enrollez.Broker_AddEmployer_TestCase">
    <failure type="org.openqa.selenium.NoSuchElementException" message="Unable to locate element: //input[@id=&amp;apos;RepresentativeDesignation&amp;apos;]
For documentation on this error, please visit: http://seleniumhq.org/exceptions/no_such_element.html
Build info: version: &amp;apos;3.9.1&amp;apos;, revision: &amp;apos;63f7b50&amp;apos;, time: &amp;apos;2018-02-07T22:25:02.294Z&amp;apos;
System info: host: &amp;apos;SUBHASHA-PC&amp;apos;, ip: &amp;apos;192.168.1.203&amp;apos;, os.name: &amp;apos;Windows 10&amp;apos;, os.arch: &amp;apos;amd64&amp;apos;, os.version: &amp;apos;10.0&amp;apos;, java.version: &amp;apos;1.8.0_212&amp;apos;
Driver info: org.openqa.selenium.firefox.FirefoxDriver
Capabilities {acceptInsecureCerts: true, browserName: firefox, browserVersion: 71.0, javascriptEnabled: true, moz:accessibilityChecks: false, moz:buildID: 20191202093317, moz:geckodriverVersion: 0.26.0, moz:headless: false, moz:processID: 10436, moz:profile: C:\Users\Subhash\AppData\Lo..., moz:shutdownTimeout: 60000, moz:useNonSpecCompliantPointerOrigin: false, moz:webdriverClick: true, pageLoadStrategy: normal, platform: WINDOWS, platformName: WINDOWS, platformVersion: 10.0, rotatable: false, setWindowRect: true, strictFileInteractability: false, timeouts: {implicit: 0, pageLoad: 300000, script: 30000}, unhandledPromptBehavior: dismiss and notify}
Session ID: 2f1485bd-511b-4248-9d6a-98412d1170ce
*** Element info: {Using=xpath, value=//input[@id=&amp;apos;RepresentativeDesignation&amp;apos;]}">
      <![CDATA[org.openqa.selenium.NoSuchElementException: Unable to locate element: //input[@id='RepresentativeDesignation']
For documentation on this error, please visit: http://seleniumhq.org/exceptions/no_such_element.html
Build info: version: '3.9.1', revision: '63f7b50', time: '2018-02-07T22:25:02.294Z'
System info: host: 'SUBHASHA-PC', ip: '192.168.1.203', os.name: 'Windows 10', os.arch: 'amd64', os.version: '10.0', java.version: '1.8.0_212'
Driver info: org.openqa.selenium.firefox.FirefoxDriver
Capabilities {acceptInsecureCerts: true, browserName: firefox, browserVersion: 71.0, javascriptEnabled: true, moz:accessibilityChecks: false, moz:buildID: 20191202093317, moz:geckodriverVersion: 0.26.0, moz:headless: false, moz:processID: 10436, moz:profile: C:\Users\Subhash\AppData\Lo..., moz:shutdownTimeout: 60000, moz:useNonSpecCompliantPointerOrigin: false, moz:webdriverClick: true, pageLoadStrategy: normal, platform: WINDOWS, platformName: WINDOWS, platformVersion: 10.0, rotatable: false, setWindowRect: true, strictFileInteractability: false, timeouts: {implicit: 0, pageLoad: 300000, script: 30000}, unhandledPromptBehavior: dismiss and notify}
Session ID: 2f1485bd-511b-4248-9d6a-98412d1170ce
*** Element info: {Using=xpath, value=//input[@id='RepresentativeDesignation']}
	at org.openqa.selenium.remote.http.W3CHttpResponseCodec.createException(W3CHttpResponseCodec.java:187)
	at org.openqa.selenium.remote.http.W3CHttpResponseCodec.decode(W3CHttpResponseCodec.java:122)
	at org.openqa.selenium.remote.http.W3CHttpResponseCodec.decode(W3CHttpResponseCodec.java:49)
	at org.openqa.selenium.remote.HttpCommandExecutor.execute(HttpCommandExecutor.java:160)
	at org.openqa.selenium.remote.service.DriverCommandExecutor.execute(DriverCommandExecutor.java:83)
	at org.openqa.selenium.remote.RemoteWebDriver.execute(RemoteWebDriver.java:601)
	at org.openqa.selenium.remote.RemoteWebDriver.findElement(RemoteWebDriver.java:371)
	at org.openqa.selenium.remote.RemoteWebDriver.findElementByXPath(RemoteWebDriver.java:473)
	at org.openqa.selenium.By$ByXPath.findElement(By.java:361)
	at org.openqa.selenium.remote.RemoteWebDriver.findElement(RemoteWebDriver.java:363)
	at com.kt.enrollez.Broker_AddEmployer_TestCase.Client_Representative(Broker_AddEmployer_TestCase.java:148)
... Removed 29 stack frames]]>
    </failure>
  </testcase> <!-- Client_Representative -->
  <testcase name="Update_BrokerRep" time="10.628" classname="com.kt.enrollez.Broker_Representaive_TestCase"/>
  <testcase name="Update_BrokerRep" time="11.975" classname="com.kt.enrollez.Broker_Representaive_TestCase"/>
  <testcase name="Update_BrokerRep" time="12.776" classname="com.kt.enrollez.Broker_Representaive_TestCase"/>
  <testcase name="Verify_Login" time="4.562" classname="com.kt.enrollez.Broker_Login_TestCase"/>
  <testcase name="Verify_Login" time="3.514" classname="com.kt.enrollez.Broker_Login_TestCase"/>
  <testcase name="Verify_Login" time="11.414" classname="com.kt.enrollez.Broker_Login_TestCase"/>
  <testcase name="Verify_AddEmployer_link" time="4.042" classname="com.kt.enrollez.Broker_Dashbaord_TestCase"/>
  <testcase name="printTable" time="1.092" classname="com.kt.enrollez.Broker_Representaive_TestCase"/>
  <testcase name="Verify_EmployerList_link" time="2.224" classname="com.kt.enrollez.Broker_Dashbaord_TestCase"/>
  <testcase name="Delete_Rep" time="0.73" classname="com.kt.enrollez.Broker_Representaive_TestCase"/>
  <testcase name="Verify_UserList_link" time="3.399" classname="com.kt.enrollez.Broker_Dashbaord_TestCase"/>
  <testcase name="Verify_SearchEmployer_link" time="2.228" classname="com.kt.enrollez.Broker_Dashbaord_TestCase"/>
  <testcase name="Verify_SearchEmployee_link" time="2.152" classname="com.kt.enrollez.Broker_Dashbaord_TestCase"/>
  <testcase name="Employer_Tab" time="0.421" classname="com.kt.enrollez.Broker_Dashbaord_TestCase"/>
  <testcase name="CountSummary_Tab" time="0.244" classname="com.kt.enrollez.Broker_Dashbaord_TestCase">
    <failure type="java.lang.AssertionError" message="expected [Count Summary] but found []">
      <![CDATA[java.lang.AssertionError: expected [Count Summary] but found []
	at com.kt.enrollez.Broker_Dashbaord_TestCase.CountSummary_Tab(Broker_Dashbaord_TestCase.java:116)
... Removed 31 stack frames]]>
    </failure>
  </testcase> <!-- CountSummary_Tab -->
  <testcase name="Activity_Tab" time="0.266" classname="com.kt.enrollez.Broker_Dashbaord_TestCase">
    <failure type="java.lang.AssertionError" message="expected [Search] but found []">
      <![CDATA[java.lang.AssertionError: expected [Search] but found []
	at com.kt.enrollez.Broker_Dashbaord_TestCase.Activity_Tab(Broker_Dashbaord_TestCase.java:123)
... Removed 31 stack frames]]>
    </failure>
  </testcase> <!-- Activity_Tab -->
</testsuite> <!-- Test -->
