<html>
<head>
<title>TestNG:  Test</title>
<link href="../testng.css" rel="stylesheet" type="text/css" />
<link href="../my-testng.css" rel="stylesheet" type="text/css" />

<style type="text/css">
.log { display: none;} 
.stack-trace { display: none;} 
</style>
<script type="text/javascript">
<!--
function flip(e) {
  current = e.style.display;
  if (current == 'block') {
    e.style.display = 'none';
    return 0;
  }
  else {
    e.style.display = 'block';
    return 1;
  }
}

function toggleBox(szDivId, elem, msg1, msg2)
{
  var res = -1;  if (document.getElementById) {
    res = flip(document.getElementById(szDivId));
  }
  else if (document.all) {
    // this is the way old msie versions work
    res = flip(document.all[szDivId]);
  }
  if(elem) {
    if(res == 0) elem.innerHTML = msg1; else elem.innerHTML = msg2;
  }

}

function toggleAllBoxes() {
  if (document.getElementsByTagName) {
    d = document.getElementsByTagName('div');
    for (i = 0; i < d.length; i++) {
      if (d[i].className == 'log') {
        flip(d[i]);
      }
    }
  }
}

// -->
</script>

</head>
<body>
<h2 align='center'>Test</h2><table border='1' align="center">
<tr>
<td>Tests passed/Failed/Skipped:</td><td>29/6/0</td>
</tr><tr>
<td>Started on:</td><td>Thu Dec 26 17:23:27 IST 2019</td>
</tr>
<tr><td>Total time:</td><td>338 seconds (338974 ms)</td>
</tr><tr>
<td>Included groups:</td><td></td>
</tr><tr>
<td>Excluded groups:</td><td></td>
</tr>
</table><p/>
<small><i>(Hover the method name to see the test class name)</i></small><p/>
<table width='100%' border='1' class='invocation-failed'>
<tr><td colspan='4' align='center'><b>FAILED TESTS</b></td></tr>
<tr><td><b>Test method</b></td>
<td width="30%"><b>Exception</b></td>
<td width="10%"><b>Time (seconds)</b></td>
<td><b>Instance</b></td>
</tr>
<tr>
<td title='com.kt.enrollez.Broker_Dashbaord_TestCase.Activity_Tab()'><b>Activity_Tab</b><br>Test class: com.kt.enrollez.Broker_Dashbaord_TestCase</td>
<td><div><pre>java.lang.AssertionError: expected [Search] but found []
	at com.kt.enrollez.Broker_Dashbaord_TestCase.Activity_Tab(Broker_Dashbaord_TestCase.java:123)
... Removed 31 stack frames</pre></div><a href='#' onClick='toggleBox("stack-trace750029115", this, "Click to show all stack frames", "Click to hide stack frames")'>Click to show all stack frames</a>
<div class='stack-trace' id='stack-trace750029115'><pre>java.lang.AssertionError: expected [Search] but found []
	at org.testng.Assert.fail(Assert.java:94)
	at org.testng.Assert.failNotEquals(Assert.java:513)
	at org.testng.Assert.assertEqualsImpl(Assert.java:135)
	at org.testng.Assert.assertEquals(Assert.java:116)
	at org.testng.Assert.assertEquals(Assert.java:190)
	at org.testng.Assert.assertEquals(Assert.java:200)
	at com.kt.enrollez.Broker_Dashbaord_TestCase.Activity_Tab(Broker_Dashbaord_TestCase.java:123)
	at sun.reflect.NativeMethodAccessorImpl.invoke0(Native Method)
	at sun.reflect.NativeMethodAccessorImpl.invoke(Unknown Source)
	at sun.reflect.DelegatingMethodAccessorImpl.invoke(Unknown Source)
	at java.lang.reflect.Method.invoke(Unknown Source)
	at org.testng.internal.MethodInvocationHelper.invokeMethod(MethodInvocationHelper.java:104)
	at org.testng.internal.Invoker.invokeMethod(Invoker.java:645)
	at org.testng.internal.Invoker.invokeTestMethod(Invoker.java:851)
	at org.testng.internal.Invoker.invokeTestMethods(Invoker.java:1177)
	at org.testng.internal.TestMethodWorker.invokeTestMethods(TestMethodWorker.java:129)
	at org.testng.internal.TestMethodWorker.run(TestMethodWorker.java:112)
	at org.testng.TestRunner.privateRun(TestRunner.java:756)
	at org.testng.TestRunner.run(TestRunner.java:610)
	at org.testng.SuiteRunner.runTest(SuiteRunner.java:387)
	at org.testng.SuiteRunner.runSequentially(SuiteRunner.java:382)
	at org.testng.SuiteRunner.privateRun(SuiteRunner.java:340)
	at org.testng.SuiteRunner.run(SuiteRunner.java:289)
	at org.testng.SuiteRunnerWorker.runSuite(SuiteRunnerWorker.java:52)
	at org.testng.SuiteRunnerWorker.run(SuiteRunnerWorker.java:86)
	at org.testng.TestNG.runSuitesSequentially(TestNG.java:1293)
	at org.testng.TestNG.runSuitesLocally(TestNG.java:1218)
	at org.testng.TestNG.runSuites(TestNG.java:1133)
	at org.testng.TestNG.run(TestNG.java:1104)
	at org.testng.remote.AbstractRemoteTestNG.run(AbstractRemoteTestNG.java:132)
	at org.testng.remote.RemoteTestNG.initAndRun(RemoteTestNG.java:236)
	at org.testng.remote.RemoteTestNG.main(RemoteTestNG.java:81)
</pre></div></td>
<td>0</td>
<td>com.kt.enrollez.Broker_Dashbaord_TestCase@5442a311</td></tr>
<tr>
<td title='com.kt.enrollez.Broker_AddEmployer_TestCase.AddEmployer_CompanyInformation()'><b>AddEmployer_CompanyInformation</b><br>Test class: com.kt.enrollez.Broker_AddEmployer_TestCase<br>Parameters: TC03, Valid, KT19, 5865847584, Street -01, Street -01, pune , India, Goa, 60012, TestDescripton, 12/01/2019, 12/31/2019, 1000, You have successfully added employer basic information. Please select applications for authorization. </td>
<td><div><pre>org.openqa.selenium.NoSuchElementException: Unable to locate element: //div[@class=&apos;success&apos;]
For documentation on this error, please visit: http://seleniumhq.org/exceptions/no_such_element.html
Build info: version: &apos;3.9.1&apos;, revision: &apos;63f7b50&apos;, time: &apos;2018-02-07T22:25:02.294Z&apos;
System info: host: &apos;SUBHASHA-PC&apos;, ip: &apos;192.168.1.203&apos;, os.name: &apos;Windows 10&apos;, os.arch: &apos;amd64&apos;, os.version: &apos;10.0&apos;, java.version: &apos;1.8.0_212&apos;
Driver info: org.openqa.selenium.firefox.FirefoxDriver
Capabilities {acceptInsecureCerts: true, browserName: firefox, browserVersion: 71.0, javascriptEnabled: true, moz:accessibilityChecks: false, moz:buildID: 20191202093317, moz:geckodriverVersion: 0.26.0, moz:headless: false, moz:processID: 10436, moz:profile: C:\Users\Subhash\AppData\Lo..., moz:shutdownTimeout: 60000, moz:useNonSpecCompliantPointerOrigin: false, moz:webdriverClick: true, pageLoadStrategy: normal, platform: WINDOWS, platformName: WINDOWS, platformVersion: 10.0, rotatable: false, setWindowRect: true, strictFileInteractability: false, timeouts: {implicit: 0, pageLoad: 300000, script: 30000}, unhandledPromptBehavior: dismiss and notify}
Session ID: 2f1485bd-511b-4248-9d6a-98412d1170ce
*** Element info: {Using=xpath, value=//div[@class=&apos;success&apos;]}
	at org.openqa.selenium.remote.http.W3CHttpResponseCodec.createException(W3CHttpResponseCodec.java:187)
	at org.openqa.selenium.remote.http.W3CHttpResponseCodec.decode(W3CHttpResponseCodec.java:122)
	at org.openqa.selenium.remote.http.W3CHttpResponseCodec.decode(W3CHttpResponseCodec.java:49)
	at org.openqa.selenium.remote.HttpCommandExecutor.execute(HttpCommandExecutor.java:160)
	at org.openqa.selenium.remote.service.DriverCommandExecutor.execute(DriverCommandExecutor.java:83)
	at org.openqa.selenium.remote.RemoteWebDriver.execute(RemoteWebDriver.java:601)
	at org.openqa.selenium.remote.RemoteWebDriver.findElement(RemoteWebDriver.java:371)
	at org.openqa.selenium.remote.RemoteWebDriver.findElementByXPath(RemoteWebDriver.java:473)
	at org.openqa.selenium.By$ByXPath.findElement(By.java:361)
	at org.openqa.selenium.remote.RemoteWebDriver.findElement(RemoteWebDriver.java:363)
	at com.kt.enrollez.Broker_AddEmployer_TestCase.AddEmployer_CompanyInformation(Broker_AddEmployer_TestCase.java:106)
... Removed 29 stack frames</pre></div><a href='#' onClick='toggleBox("stack-trace634297796", this, "Click to show all stack frames", "Click to hide stack frames")'>Click to show all stack frames</a>
<div class='stack-trace' id='stack-trace634297796'><pre>org.openqa.selenium.NoSuchElementException: Unable to locate element: //div[@class=&apos;success&apos;]
For documentation on this error, please visit: http://seleniumhq.org/exceptions/no_such_element.html
Build info: version: &apos;3.9.1&apos;, revision: &apos;63f7b50&apos;, time: &apos;2018-02-07T22:25:02.294Z&apos;
System info: host: &apos;SUBHASHA-PC&apos;, ip: &apos;192.168.1.203&apos;, os.name: &apos;Windows 10&apos;, os.arch: &apos;amd64&apos;, os.version: &apos;10.0&apos;, java.version: &apos;1.8.0_212&apos;
Driver info: org.openqa.selenium.firefox.FirefoxDriver
Capabilities {acceptInsecureCerts: true, browserName: firefox, browserVersion: 71.0, javascriptEnabled: true, moz:accessibilityChecks: false, moz:buildID: 20191202093317, moz:geckodriverVersion: 0.26.0, moz:headless: false, moz:processID: 10436, moz:profile: C:\Users\Subhash\AppData\Lo..., moz:shutdownTimeout: 60000, moz:useNonSpecCompliantPointerOrigin: false, moz:webdriverClick: true, pageLoadStrategy: normal, platform: WINDOWS, platformName: WINDOWS, platformVersion: 10.0, rotatable: false, setWindowRect: true, strictFileInteractability: false, timeouts: {implicit: 0, pageLoad: 300000, script: 30000}, unhandledPromptBehavior: dismiss and notify}
Session ID: 2f1485bd-511b-4248-9d6a-98412d1170ce
*** Element info: {Using=xpath, value=//div[@class=&apos;success&apos;]}
	at sun.reflect.NativeConstructorAccessorImpl.newInstance0(Native Method)
	at sun.reflect.NativeConstructorAccessorImpl.newInstance(Unknown Source)
	at sun.reflect.DelegatingConstructorAccessorImpl.newInstance(Unknown Source)
	at java.lang.reflect.Constructor.newInstance(Unknown Source)
	at org.openqa.selenium.remote.http.W3CHttpResponseCodec.createException(W3CHttpResponseCodec.java:187)
	at org.openqa.selenium.remote.http.W3CHttpResponseCodec.decode(W3CHttpResponseCodec.java:122)
	at org.openqa.selenium.remote.http.W3CHttpResponseCodec.decode(W3CHttpResponseCodec.java:49)
	at org.openqa.selenium.remote.HttpCommandExecutor.execute(HttpCommandExecutor.java:160)
	at org.openqa.selenium.remote.service.DriverCommandExecutor.execute(DriverCommandExecutor.java:83)
	at org.openqa.selenium.remote.RemoteWebDriver.execute(RemoteWebDriver.java:601)
	at org.openqa.selenium.remote.RemoteWebDriver.findElement(RemoteWebDriver.java:371)
	at org.openqa.selenium.remote.RemoteWebDriver.findElementByXPath(RemoteWebDriver.java:473)
	at org.openqa.selenium.By$ByXPath.findElement(By.java:361)
	at org.openqa.selenium.remote.RemoteWebDriver.findElement(RemoteWebDriver.java:363)
	at com.kt.enrollez.Broker_AddEmployer_TestCase.AddEmployer_CompanyInformation(Broker_AddEmployer_TestCase.java:106)
	at sun.reflect.NativeMethodAccessorImpl.invoke0(Native Method)
	at sun.reflect.NativeMethodAccessorImpl.invoke(Unknown Source)
	at sun.reflect.DelegatingMethodAccessorImpl.invoke(Unknown Source)
	at java.lang.reflect.Method.invoke(Unknown Source)
	at org.testng.internal.MethodInvocationHelper.invokeMethod(MethodInvocationHelper.java:104)
	at org.testng.internal.Invoker.invokeMethod(Invoker.java:645)
	at org.testng.internal.Invoker.invokeTestMethod(Invoker.java:851)
	at org.testng.internal.Invoker.invokeTestMethods(Invoker.java:1177)
	at org.testng.internal.TestMethodWorker.invokeTestMethods(TestMethodWorker.java:129)
	at org.testng.internal.TestMethodWorker.run(TestMethodWorker.java:112)
	at org.testng.TestRunner.privateRun(TestRunner.java:756)
	at org.testng.TestRunner.run(TestRunner.java:610)
	at org.testng.SuiteRunner.runTest(SuiteRunner.java:387)
	at org.testng.SuiteRunner.runSequentially(SuiteRunner.java:382)
	at org.testng.SuiteRunner.privateRun(SuiteRunner.java:340)
	at org.testng.SuiteRunner.run(SuiteRunner.java:289)
	at org.testng.SuiteRunnerWorker.runSuite(SuiteRunnerWorker.java:52)
	at org.testng.SuiteRunnerWorker.run(SuiteRunnerWorker.java:86)
	at org.testng.TestNG.runSuitesSequentially(TestNG.java:1293)
	at org.testng.TestNG.runSuitesLocally(TestNG.java:1218)
	at org.testng.TestNG.runSuites(TestNG.java:1133)
	at org.testng.TestNG.run(TestNG.java:1104)
	at org.testng.remote.AbstractRemoteTestNG.run(AbstractRemoteTestNG.java:132)
	at org.testng.remote.RemoteTestNG.initAndRun(RemoteTestNG.java:236)
	at org.testng.remote.RemoteTestNG.main(RemoteTestNG.java:81)
</pre></div></td>
<td>41</td>
<td>com.kt.enrollez.Broker_AddEmployer_TestCase@548e7350</td></tr>
<tr>
<td title='com.kt.enrollez.Broker_AddEmployer_TestCase.Client_Representative()'><b>Client_Representative</b><br>Test class: com.kt.enrollez.Broker_AddEmployer_TestCase<br>Parameters: KTBTC01, BlankInfo,  ,  ,  ,  ,  ,  , >> Select,  ,  ,  ,  ,  , required.</td>
<td><div><pre>org.openqa.selenium.NoSuchElementException: Unable to locate element: //input[@id=&apos;RepresentativeDesignation&apos;]
For documentation on this error, please visit: http://seleniumhq.org/exceptions/no_such_element.html
Build info: version: &apos;3.9.1&apos;, revision: &apos;63f7b50&apos;, time: &apos;2018-02-07T22:25:02.294Z&apos;
System info: host: &apos;SUBHASHA-PC&apos;, ip: &apos;192.168.1.203&apos;, os.name: &apos;Windows 10&apos;, os.arch: &apos;amd64&apos;, os.version: &apos;10.0&apos;, java.version: &apos;1.8.0_212&apos;
Driver info: org.openqa.selenium.firefox.FirefoxDriver
Capabilities {acceptInsecureCerts: true, browserName: firefox, browserVersion: 71.0, javascriptEnabled: true, moz:accessibilityChecks: false, moz:buildID: 20191202093317, moz:geckodriverVersion: 0.26.0, moz:headless: false, moz:processID: 10436, moz:profile: C:\Users\Subhash\AppData\Lo..., moz:shutdownTimeout: 60000, moz:useNonSpecCompliantPointerOrigin: false, moz:webdriverClick: true, pageLoadStrategy: normal, platform: WINDOWS, platformName: WINDOWS, platformVersion: 10.0, rotatable: false, setWindowRect: true, strictFileInteractability: false, timeouts: {implicit: 0, pageLoad: 300000, script: 30000}, unhandledPromptBehavior: dismiss and notify}
Session ID: 2f1485bd-511b-4248-9d6a-98412d1170ce
*** Element info: {Using=xpath, value=//input[@id=&apos;RepresentativeDesignation&apos;]}
	at org.openqa.selenium.remote.http.W3CHttpResponseCodec.createException(W3CHttpResponseCodec.java:187)
	at org.openqa.selenium.remote.http.W3CHttpResponseCodec.decode(W3CHttpResponseCodec.java:122)
	at org.openqa.selenium.remote.http.W3CHttpResponseCodec.decode(W3CHttpResponseCodec.java:49)
	at org.openqa.selenium.remote.HttpCommandExecutor.execute(HttpCommandExecutor.java:160)
	at org.openqa.selenium.remote.service.DriverCommandExecutor.execute(DriverCommandExecutor.java:83)
	at org.openqa.selenium.remote.RemoteWebDriver.execute(RemoteWebDriver.java:601)
	at org.openqa.selenium.remote.RemoteWebDriver.findElement(RemoteWebDriver.java:371)
	at org.openqa.selenium.remote.RemoteWebDriver.findElementByXPath(RemoteWebDriver.java:473)
	at org.openqa.selenium.By$ByXPath.findElement(By.java:361)
	at org.openqa.selenium.remote.RemoteWebDriver.findElement(RemoteWebDriver.java:363)
	at com.kt.enrollez.Broker_AddEmployer_TestCase.Client_Representative(Broker_AddEmployer_TestCase.java:148)
... Removed 29 stack frames</pre></div><a href='#' onClick='toggleBox("stack-trace1807648168", this, "Click to show all stack frames", "Click to hide stack frames")'>Click to show all stack frames</a>
<div class='stack-trace' id='stack-trace1807648168'><pre>org.openqa.selenium.NoSuchElementException: Unable to locate element: //input[@id=&apos;RepresentativeDesignation&apos;]
For documentation on this error, please visit: http://seleniumhq.org/exceptions/no_such_element.html
Build info: version: &apos;3.9.1&apos;, revision: &apos;63f7b50&apos;, time: &apos;2018-02-07T22:25:02.294Z&apos;
System info: host: &apos;SUBHASHA-PC&apos;, ip: &apos;192.168.1.203&apos;, os.name: &apos;Windows 10&apos;, os.arch: &apos;amd64&apos;, os.version: &apos;10.0&apos;, java.version: &apos;1.8.0_212&apos;
Driver info: org.openqa.selenium.firefox.FirefoxDriver
Capabilities {acceptInsecureCerts: true, browserName: firefox, browserVersion: 71.0, javascriptEnabled: true, moz:accessibilityChecks: false, moz:buildID: 20191202093317, moz:geckodriverVersion: 0.26.0, moz:headless: false, moz:processID: 10436, moz:profile: C:\Users\Subhash\AppData\Lo..., moz:shutdownTimeout: 60000, moz:useNonSpecCompliantPointerOrigin: false, moz:webdriverClick: true, pageLoadStrategy: normal, platform: WINDOWS, platformName: WINDOWS, platformVersion: 10.0, rotatable: false, setWindowRect: true, strictFileInteractability: false, timeouts: {implicit: 0, pageLoad: 300000, script: 30000}, unhandledPromptBehavior: dismiss and notify}
Session ID: 2f1485bd-511b-4248-9d6a-98412d1170ce
*** Element info: {Using=xpath, value=//input[@id=&apos;RepresentativeDesignation&apos;]}
	at sun.reflect.NativeConstructorAccessorImpl.newInstance0(Native Method)
	at sun.reflect.NativeConstructorAccessorImpl.newInstance(Unknown Source)
	at sun.reflect.DelegatingConstructorAccessorImpl.newInstance(Unknown Source)
	at java.lang.reflect.Constructor.newInstance(Unknown Source)
	at org.openqa.selenium.remote.http.W3CHttpResponseCodec.createException(W3CHttpResponseCodec.java:187)
	at org.openqa.selenium.remote.http.W3CHttpResponseCodec.decode(W3CHttpResponseCodec.java:122)
	at org.openqa.selenium.remote.http.W3CHttpResponseCodec.decode(W3CHttpResponseCodec.java:49)
	at org.openqa.selenium.remote.HttpCommandExecutor.execute(HttpCommandExecutor.java:160)
	at org.openqa.selenium.remote.service.DriverCommandExecutor.execute(DriverCommandExecutor.java:83)
	at org.openqa.selenium.remote.RemoteWebDriver.execute(RemoteWebDriver.java:601)
	at org.openqa.selenium.remote.RemoteWebDriver.findElement(RemoteWebDriver.java:371)
	at org.openqa.selenium.remote.RemoteWebDriver.findElementByXPath(RemoteWebDriver.java:473)
	at org.openqa.selenium.By$ByXPath.findElement(By.java:361)
	at org.openqa.selenium.remote.RemoteWebDriver.findElement(RemoteWebDriver.java:363)
	at com.kt.enrollez.Broker_AddEmployer_TestCase.Client_Representative(Broker_AddEmployer_TestCase.java:148)
	at sun.reflect.NativeMethodAccessorImpl.invoke0(Native Method)
	at sun.reflect.NativeMethodAccessorImpl.invoke(Unknown Source)
	at sun.reflect.DelegatingMethodAccessorImpl.invoke(Unknown Source)
	at java.lang.reflect.Method.invoke(Unknown Source)
	at org.testng.internal.MethodInvocationHelper.invokeMethod(MethodInvocationHelper.java:104)
	at org.testng.internal.Invoker.invokeMethod(Invoker.java:645)
	at org.testng.internal.Invoker.invokeTestMethod(Invoker.java:851)
	at org.testng.internal.Invoker.invokeTestMethods(Invoker.java:1177)
	at org.testng.internal.TestMethodWorker.invokeTestMethods(TestMethodWorker.java:129)
	at org.testng.internal.TestMethodWorker.run(TestMethodWorker.java:112)
	at org.testng.TestRunner.privateRun(TestRunner.java:756)
	at org.testng.TestRunner.run(TestRunner.java:610)
	at org.testng.SuiteRunner.runTest(SuiteRunner.java:387)
	at org.testng.SuiteRunner.runSequentially(SuiteRunner.java:382)
	at org.testng.SuiteRunner.privateRun(SuiteRunner.java:340)
	at org.testng.SuiteRunner.run(SuiteRunner.java:289)
	at org.testng.SuiteRunnerWorker.runSuite(SuiteRunnerWorker.java:52)
	at org.testng.SuiteRunnerWorker.run(SuiteRunnerWorker.java:86)
	at org.testng.TestNG.runSuitesSequentially(TestNG.java:1293)
	at org.testng.TestNG.runSuitesLocally(TestNG.java:1218)
	at org.testng.TestNG.runSuites(TestNG.java:1133)
	at org.testng.TestNG.run(TestNG.java:1104)
	at org.testng.remote.AbstractRemoteTestNG.run(AbstractRemoteTestNG.java:132)
	at org.testng.remote.RemoteTestNG.initAndRun(RemoteTestNG.java:236)
	at org.testng.remote.RemoteTestNG.main(RemoteTestNG.java:81)
</pre></div></td>
<td>31</td>
<td>com.kt.enrollez.Broker_AddEmployer_TestCase@548e7350</td></tr>
<tr>
<td title='com.kt.enrollez.Broker_AddEmployer_TestCase.Client_Representative()'><b>Client_Representative</b><br>Test class: com.kt.enrollez.Broker_AddEmployer_TestCase<br>Parameters: KTBTC01, BlankInfo, HR Manager , John , Doe , Street-01 , Street-02 ,  , >> Select,  ,  ,  ,  ,  , required.</td>
<td><div><pre>org.openqa.selenium.NoSuchElementException: Unable to locate element: //input[@id=&apos;RepresentativeDesignation&apos;]
For documentation on this error, please visit: http://seleniumhq.org/exceptions/no_such_element.html
Build info: version: &apos;3.9.1&apos;, revision: &apos;63f7b50&apos;, time: &apos;2018-02-07T22:25:02.294Z&apos;
System info: host: &apos;SUBHASHA-PC&apos;, ip: &apos;192.168.1.203&apos;, os.name: &apos;Windows 10&apos;, os.arch: &apos;amd64&apos;, os.version: &apos;10.0&apos;, java.version: &apos;1.8.0_212&apos;
Driver info: org.openqa.selenium.firefox.FirefoxDriver
Capabilities {acceptInsecureCerts: true, browserName: firefox, browserVersion: 71.0, javascriptEnabled: true, moz:accessibilityChecks: false, moz:buildID: 20191202093317, moz:geckodriverVersion: 0.26.0, moz:headless: false, moz:processID: 10436, moz:profile: C:\Users\Subhash\AppData\Lo..., moz:shutdownTimeout: 60000, moz:useNonSpecCompliantPointerOrigin: false, moz:webdriverClick: true, pageLoadStrategy: normal, platform: WINDOWS, platformName: WINDOWS, platformVersion: 10.0, rotatable: false, setWindowRect: true, strictFileInteractability: false, timeouts: {implicit: 0, pageLoad: 300000, script: 30000}, unhandledPromptBehavior: dismiss and notify}
Session ID: 2f1485bd-511b-4248-9d6a-98412d1170ce
*** Element info: {Using=xpath, value=//input[@id=&apos;RepresentativeDesignation&apos;]}
	at org.openqa.selenium.remote.http.W3CHttpResponseCodec.createException(W3CHttpResponseCodec.java:187)
	at org.openqa.selenium.remote.http.W3CHttpResponseCodec.decode(W3CHttpResponseCodec.java:122)
	at org.openqa.selenium.remote.http.W3CHttpResponseCodec.decode(W3CHttpResponseCodec.java:49)
	at org.openqa.selenium.remote.HttpCommandExecutor.execute(HttpCommandExecutor.java:160)
	at org.openqa.selenium.remote.service.DriverCommandExecutor.execute(DriverCommandExecutor.java:83)
	at org.openqa.selenium.remote.RemoteWebDriver.execute(RemoteWebDriver.java:601)
	at org.openqa.selenium.remote.RemoteWebDriver.findElement(RemoteWebDriver.java:371)
	at org.openqa.selenium.remote.RemoteWebDriver.findElementByXPath(RemoteWebDriver.java:473)
	at org.openqa.selenium.By$ByXPath.findElement(By.java:361)
	at org.openqa.selenium.remote.RemoteWebDriver.findElement(RemoteWebDriver.java:363)
	at com.kt.enrollez.Broker_AddEmployer_TestCase.Client_Representative(Broker_AddEmployer_TestCase.java:148)
... Removed 29 stack frames</pre></div><a href='#' onClick='toggleBox("stack-trace1258372214", this, "Click to show all stack frames", "Click to hide stack frames")'>Click to show all stack frames</a>
<div class='stack-trace' id='stack-trace1258372214'><pre>org.openqa.selenium.NoSuchElementException: Unable to locate element: //input[@id=&apos;RepresentativeDesignation&apos;]
For documentation on this error, please visit: http://seleniumhq.org/exceptions/no_such_element.html
Build info: version: &apos;3.9.1&apos;, revision: &apos;63f7b50&apos;, time: &apos;2018-02-07T22:25:02.294Z&apos;
System info: host: &apos;SUBHASHA-PC&apos;, ip: &apos;192.168.1.203&apos;, os.name: &apos;Windows 10&apos;, os.arch: &apos;amd64&apos;, os.version: &apos;10.0&apos;, java.version: &apos;1.8.0_212&apos;
Driver info: org.openqa.selenium.firefox.FirefoxDriver
Capabilities {acceptInsecureCerts: true, browserName: firefox, browserVersion: 71.0, javascriptEnabled: true, moz:accessibilityChecks: false, moz:buildID: 20191202093317, moz:geckodriverVersion: 0.26.0, moz:headless: false, moz:processID: 10436, moz:profile: C:\Users\Subhash\AppData\Lo..., moz:shutdownTimeout: 60000, moz:useNonSpecCompliantPointerOrigin: false, moz:webdriverClick: true, pageLoadStrategy: normal, platform: WINDOWS, platformName: WINDOWS, platformVersion: 10.0, rotatable: false, setWindowRect: true, strictFileInteractability: false, timeouts: {implicit: 0, pageLoad: 300000, script: 30000}, unhandledPromptBehavior: dismiss and notify}
Session ID: 2f1485bd-511b-4248-9d6a-98412d1170ce
*** Element info: {Using=xpath, value=//input[@id=&apos;RepresentativeDesignation&apos;]}
	at sun.reflect.NativeConstructorAccessorImpl.newInstance0(Native Method)
	at sun.reflect.NativeConstructorAccessorImpl.newInstance(Unknown Source)
	at sun.reflect.DelegatingConstructorAccessorImpl.newInstance(Unknown Source)
	at java.lang.reflect.Constructor.newInstance(Unknown Source)
	at org.openqa.selenium.remote.http.W3CHttpResponseCodec.createException(W3CHttpResponseCodec.java:187)
	at org.openqa.selenium.remote.http.W3CHttpResponseCodec.decode(W3CHttpResponseCodec.java:122)
	at org.openqa.selenium.remote.http.W3CHttpResponseCodec.decode(W3CHttpResponseCodec.java:49)
	at org.openqa.selenium.remote.HttpCommandExecutor.execute(HttpCommandExecutor.java:160)
	at org.openqa.selenium.remote.service.DriverCommandExecutor.execute(DriverCommandExecutor.java:83)
	at org.openqa.selenium.remote.RemoteWebDriver.execute(RemoteWebDriver.java:601)
	at org.openqa.selenium.remote.RemoteWebDriver.findElement(RemoteWebDriver.java:371)
	at org.openqa.selenium.remote.RemoteWebDriver.findElementByXPath(RemoteWebDriver.java:473)
	at org.openqa.selenium.By$ByXPath.findElement(By.java:361)
	at org.openqa.selenium.remote.RemoteWebDriver.findElement(RemoteWebDriver.java:363)
	at com.kt.enrollez.Broker_AddEmployer_TestCase.Client_Representative(Broker_AddEmployer_TestCase.java:148)
	at sun.reflect.NativeMethodAccessorImpl.invoke0(Native Method)
	at sun.reflect.NativeMethodAccessorImpl.invoke(Unknown Source)
	at sun.reflect.DelegatingMethodAccessorImpl.invoke(Unknown Source)
	at java.lang.reflect.Method.invoke(Unknown Source)
	at org.testng.internal.MethodInvocationHelper.invokeMethod(MethodInvocationHelper.java:104)
	at org.testng.internal.Invoker.invokeMethod(Invoker.java:645)
	at org.testng.internal.Invoker.invokeTestMethod(Invoker.java:851)
	at org.testng.internal.Invoker.invokeTestMethods(Invoker.java:1177)
	at org.testng.internal.TestMethodWorker.invokeTestMethods(TestMethodWorker.java:129)
	at org.testng.internal.TestMethodWorker.run(TestMethodWorker.java:112)
	at org.testng.TestRunner.privateRun(TestRunner.java:756)
	at org.testng.TestRunner.run(TestRunner.java:610)
	at org.testng.SuiteRunner.runTest(SuiteRunner.java:387)
	at org.testng.SuiteRunner.runSequentially(SuiteRunner.java:382)
	at org.testng.SuiteRunner.privateRun(SuiteRunner.java:340)
	at org.testng.SuiteRunner.run(SuiteRunner.java:289)
	at org.testng.SuiteRunnerWorker.runSuite(SuiteRunnerWorker.java:52)
	at org.testng.SuiteRunnerWorker.run(SuiteRunnerWorker.java:86)
	at org.testng.TestNG.runSuitesSequentially(TestNG.java:1293)
	at org.testng.TestNG.runSuitesLocally(TestNG.java:1218)
	at org.testng.TestNG.runSuites(TestNG.java:1133)
	at org.testng.TestNG.run(TestNG.java:1104)
	at org.testng.remote.AbstractRemoteTestNG.run(AbstractRemoteTestNG.java:132)
	at org.testng.remote.RemoteTestNG.initAndRun(RemoteTestNG.java:236)
	at org.testng.remote.RemoteTestNG.main(RemoteTestNG.java:81)
</pre></div></td>
<td>31</td>
<td>com.kt.enrollez.Broker_AddEmployer_TestCase@548e7350</td></tr>
<tr>
<td title='com.kt.enrollez.Broker_Dashbaord_TestCase.CountSummary_Tab()'><b>CountSummary_Tab</b><br>Test class: com.kt.enrollez.Broker_Dashbaord_TestCase</td>
<td><div><pre>java.lang.AssertionError: expected [Count Summary] but found []
	at com.kt.enrollez.Broker_Dashbaord_TestCase.CountSummary_Tab(Broker_Dashbaord_TestCase.java:116)
... Removed 31 stack frames</pre></div><a href='#' onClick='toggleBox("stack-trace2050339061", this, "Click to show all stack frames", "Click to hide stack frames")'>Click to show all stack frames</a>
<div class='stack-trace' id='stack-trace2050339061'><pre>java.lang.AssertionError: expected [Count Summary] but found []
	at org.testng.Assert.fail(Assert.java:94)
	at org.testng.Assert.failNotEquals(Assert.java:513)
	at org.testng.Assert.assertEqualsImpl(Assert.java:135)
	at org.testng.Assert.assertEquals(Assert.java:116)
	at org.testng.Assert.assertEquals(Assert.java:190)
	at org.testng.Assert.assertEquals(Assert.java:200)
	at com.kt.enrollez.Broker_Dashbaord_TestCase.CountSummary_Tab(Broker_Dashbaord_TestCase.java:116)
	at sun.reflect.NativeMethodAccessorImpl.invoke0(Native Method)
	at sun.reflect.NativeMethodAccessorImpl.invoke(Unknown Source)
	at sun.reflect.DelegatingMethodAccessorImpl.invoke(Unknown Source)
	at java.lang.reflect.Method.invoke(Unknown Source)
	at org.testng.internal.MethodInvocationHelper.invokeMethod(MethodInvocationHelper.java:104)
	at org.testng.internal.Invoker.invokeMethod(Invoker.java:645)
	at org.testng.internal.Invoker.invokeTestMethod(Invoker.java:851)
	at org.testng.internal.Invoker.invokeTestMethods(Invoker.java:1177)
	at org.testng.internal.TestMethodWorker.invokeTestMethods(TestMethodWorker.java:129)
	at org.testng.internal.TestMethodWorker.run(TestMethodWorker.java:112)
	at org.testng.TestRunner.privateRun(TestRunner.java:756)
	at org.testng.TestRunner.run(TestRunner.java:610)
	at org.testng.SuiteRunner.runTest(SuiteRunner.java:387)
	at org.testng.SuiteRunner.runSequentially(SuiteRunner.java:382)
	at org.testng.SuiteRunner.privateRun(SuiteRunner.java:340)
	at org.testng.SuiteRunner.run(SuiteRunner.java:289)
	at org.testng.SuiteRunnerWorker.runSuite(SuiteRunnerWorker.java:52)
	at org.testng.SuiteRunnerWorker.run(SuiteRunnerWorker.java:86)
	at org.testng.TestNG.runSuitesSequentially(TestNG.java:1293)
	at org.testng.TestNG.runSuitesLocally(TestNG.java:1218)
	at org.testng.TestNG.runSuites(TestNG.java:1133)
	at org.testng.TestNG.run(TestNG.java:1104)
	at org.testng.remote.AbstractRemoteTestNG.run(AbstractRemoteTestNG.java:132)
	at org.testng.remote.RemoteTestNG.initAndRun(RemoteTestNG.java:236)
	at org.testng.remote.RemoteTestNG.main(RemoteTestNG.java:81)
</pre></div></td>
<td>0</td>
<td>com.kt.enrollez.Broker_Dashbaord_TestCase@5442a311</td></tr>
<tr>
<td title='com.kt.enrollez.Broker_AddEmployer_TestCase.Verify_Applications()'><b>Verify_Applications</b><br>Test class: com.kt.enrollez.Broker_AddEmployer_TestCase</td>
<td><div><pre>org.openqa.selenium.NoSuchElementException: Unable to locate element: //input[@id=&apos;application3&apos;]
For documentation on this error, please visit: http://seleniumhq.org/exceptions/no_such_element.html
Build info: version: &apos;3.9.1&apos;, revision: &apos;63f7b50&apos;, time: &apos;2018-02-07T22:25:02.294Z&apos;
System info: host: &apos;SUBHASHA-PC&apos;, ip: &apos;192.168.1.203&apos;, os.name: &apos;Windows 10&apos;, os.arch: &apos;amd64&apos;, os.version: &apos;10.0&apos;, java.version: &apos;1.8.0_212&apos;
Driver info: org.openqa.selenium.firefox.FirefoxDriver
Capabilities {acceptInsecureCerts: true, browserName: firefox, browserVersion: 71.0, javascriptEnabled: true, moz:accessibilityChecks: false, moz:buildID: 20191202093317, moz:geckodriverVersion: 0.26.0, moz:headless: false, moz:processID: 10436, moz:profile: C:\Users\Subhash\AppData\Lo..., moz:shutdownTimeout: 60000, moz:useNonSpecCompliantPointerOrigin: false, moz:webdriverClick: true, pageLoadStrategy: normal, platform: WINDOWS, platformName: WINDOWS, platformVersion: 10.0, rotatable: false, setWindowRect: true, strictFileInteractability: false, timeouts: {implicit: 0, pageLoad: 300000, script: 30000}, unhandledPromptBehavior: dismiss and notify}
Session ID: 2f1485bd-511b-4248-9d6a-98412d1170ce
*** Element info: {Using=xpath, value=//input[@id=&apos;application3&apos;]}
	at org.openqa.selenium.remote.http.W3CHttpResponseCodec.createException(W3CHttpResponseCodec.java:187)
	at org.openqa.selenium.remote.http.W3CHttpResponseCodec.decode(W3CHttpResponseCodec.java:122)
	at org.openqa.selenium.remote.http.W3CHttpResponseCodec.decode(W3CHttpResponseCodec.java:49)
	at org.openqa.selenium.remote.HttpCommandExecutor.execute(HttpCommandExecutor.java:160)
	at org.openqa.selenium.remote.service.DriverCommandExecutor.execute(DriverCommandExecutor.java:83)
	at org.openqa.selenium.remote.RemoteWebDriver.execute(RemoteWebDriver.java:601)
	at org.openqa.selenium.remote.RemoteWebDriver.findElement(RemoteWebDriver.java:371)
	at org.openqa.selenium.remote.RemoteWebDriver.findElementByXPath(RemoteWebDriver.java:473)
	at org.openqa.selenium.By$ByXPath.findElement(By.java:361)
	at org.openqa.selenium.remote.RemoteWebDriver.findElement(RemoteWebDriver.java:363)
	at com.kt.enrollez.Broker_AddEmployer_TestCase.Verify_Applications(Broker_AddEmployer_TestCase.java:129)
... Removed 29 stack frames</pre></div><a href='#' onClick='toggleBox("stack-trace540325452", this, "Click to show all stack frames", "Click to hide stack frames")'>Click to show all stack frames</a>
<div class='stack-trace' id='stack-trace540325452'><pre>org.openqa.selenium.NoSuchElementException: Unable to locate element: //input[@id=&apos;application3&apos;]
For documentation on this error, please visit: http://seleniumhq.org/exceptions/no_such_element.html
Build info: version: &apos;3.9.1&apos;, revision: &apos;63f7b50&apos;, time: &apos;2018-02-07T22:25:02.294Z&apos;
System info: host: &apos;SUBHASHA-PC&apos;, ip: &apos;192.168.1.203&apos;, os.name: &apos;Windows 10&apos;, os.arch: &apos;amd64&apos;, os.version: &apos;10.0&apos;, java.version: &apos;1.8.0_212&apos;
Driver info: org.openqa.selenium.firefox.FirefoxDriver
Capabilities {acceptInsecureCerts: true, browserName: firefox, browserVersion: 71.0, javascriptEnabled: true, moz:accessibilityChecks: false, moz:buildID: 20191202093317, moz:geckodriverVersion: 0.26.0, moz:headless: false, moz:processID: 10436, moz:profile: C:\Users\Subhash\AppData\Lo..., moz:shutdownTimeout: 60000, moz:useNonSpecCompliantPointerOrigin: false, moz:webdriverClick: true, pageLoadStrategy: normal, platform: WINDOWS, platformName: WINDOWS, platformVersion: 10.0, rotatable: false, setWindowRect: true, strictFileInteractability: false, timeouts: {implicit: 0, pageLoad: 300000, script: 30000}, unhandledPromptBehavior: dismiss and notify}
Session ID: 2f1485bd-511b-4248-9d6a-98412d1170ce
*** Element info: {Using=xpath, value=//input[@id=&apos;application3&apos;]}
	at sun.reflect.NativeConstructorAccessorImpl.newInstance0(Native Method)
	at sun.reflect.NativeConstructorAccessorImpl.newInstance(Unknown Source)
	at sun.reflect.DelegatingConstructorAccessorImpl.newInstance(Unknown Source)
	at java.lang.reflect.Constructor.newInstance(Unknown Source)
	at org.openqa.selenium.remote.http.W3CHttpResponseCodec.createException(W3CHttpResponseCodec.java:187)
	at org.openqa.selenium.remote.http.W3CHttpResponseCodec.decode(W3CHttpResponseCodec.java:122)
	at org.openqa.selenium.remote.http.W3CHttpResponseCodec.decode(W3CHttpResponseCodec.java:49)
	at org.openqa.selenium.remote.HttpCommandExecutor.execute(HttpCommandExecutor.java:160)
	at org.openqa.selenium.remote.service.DriverCommandExecutor.execute(DriverCommandExecutor.java:83)
	at org.openqa.selenium.remote.RemoteWebDriver.execute(RemoteWebDriver.java:601)
	at org.openqa.selenium.remote.RemoteWebDriver.findElement(RemoteWebDriver.java:371)
	at org.openqa.selenium.remote.RemoteWebDriver.findElementByXPath(RemoteWebDriver.java:473)
	at org.openqa.selenium.By$ByXPath.findElement(By.java:361)
	at org.openqa.selenium.remote.RemoteWebDriver.findElement(RemoteWebDriver.java:363)
	at com.kt.enrollez.Broker_AddEmployer_TestCase.Verify_Applications(Broker_AddEmployer_TestCase.java:129)
	at sun.reflect.NativeMethodAccessorImpl.invoke0(Native Method)
	at sun.reflect.NativeMethodAccessorImpl.invoke(Unknown Source)
	at sun.reflect.DelegatingMethodAccessorImpl.invoke(Unknown Source)
	at java.lang.reflect.Method.invoke(Unknown Source)
	at org.testng.internal.MethodInvocationHelper.invokeMethod(MethodInvocationHelper.java:104)
	at org.testng.internal.Invoker.invokeMethod(Invoker.java:645)
	at org.testng.internal.Invoker.invokeTestMethod(Invoker.java:851)
	at org.testng.internal.Invoker.invokeTestMethods(Invoker.java:1177)
	at org.testng.internal.TestMethodWorker.invokeTestMethods(TestMethodWorker.java:129)
	at org.testng.internal.TestMethodWorker.run(TestMethodWorker.java:112)
	at org.testng.TestRunner.privateRun(TestRunner.java:756)
	at org.testng.TestRunner.run(TestRunner.java:610)
	at org.testng.SuiteRunner.runTest(SuiteRunner.java:387)
	at org.testng.SuiteRunner.runSequentially(SuiteRunner.java:382)
	at org.testng.SuiteRunner.privateRun(SuiteRunner.java:340)
	at org.testng.SuiteRunner.run(SuiteRunner.java:289)
	at org.testng.SuiteRunnerWorker.runSuite(SuiteRunnerWorker.java:52)
	at org.testng.SuiteRunnerWorker.run(SuiteRunnerWorker.java:86)
	at org.testng.TestNG.runSuitesSequentially(TestNG.java:1293)
	at org.testng.TestNG.runSuitesLocally(TestNG.java:1218)
	at org.testng.TestNG.runSuites(TestNG.java:1133)
	at org.testng.TestNG.run(TestNG.java:1104)
	at org.testng.remote.AbstractRemoteTestNG.run(AbstractRemoteTestNG.java:132)
	at org.testng.remote.RemoteTestNG.initAndRun(RemoteTestNG.java:236)
	at org.testng.remote.RemoteTestNG.main(RemoteTestNG.java:81)
</pre></div></td>
<td>31</td>
<td>com.kt.enrollez.Broker_AddEmployer_TestCase@548e7350</td></tr>
</table><p>
<table width='100%' border='1' class='invocation-passed'>
<tr><td colspan='4' align='center'><b>PASSED TESTS</b></td></tr>
<tr><td><b>Test method</b></td>
<td width="30%"><b>Exception</b></td>
<td width="10%"><b>Time (seconds)</b></td>
<td><b>Instance</b></td>
</tr>
<tr>
<td title='com.kt.enrollez.Broker_Representaive_TestCase.Add_BrokerRep()'><b>Add_BrokerRep</b><br>Test class: com.kt.enrollez.Broker_Representaive_TestCase<br>Parameters: KTBTC01, BlankInfo,  ,  ,  ,  ,  , >> Select, >> Select,  ,  ,  , required.</td>
<td></td>
<td>13</td>
<td>com.kt.enrollez.Broker_Representaive_TestCase@343f4d3d</td></tr>
<tr>
<td title='com.kt.enrollez.Broker_Representaive_TestCase.Add_BrokerRep()'><b>Add_BrokerRep</b><br>Test class: com.kt.enrollez.Broker_Representaive_TestCase<br>Parameters: KTBTC02, InvalidInfo, Sunil, Kumar, Street-01, Street-02, pune, India, Goa, 652152, 9999, test4gmail.com, Please enter a valid email address.</td>
<td></td>
<td>14</td>
<td>com.kt.enrollez.Broker_Representaive_TestCase@343f4d3d</td></tr>
<tr>
<td title='com.kt.enrollez.Broker_Representaive_TestCase.Add_BrokerRep()'><b>Add_BrokerRep</b><br>Test class: com.kt.enrollez.Broker_Representaive_TestCase<br>Parameters: KTBTC03, ValidInfo, Sunil, Kumar, Street-01, Street-02, pune, India, Goa, 652152, 9999999999, test4@gmail.com, Broker Representative information has been added successfully. </td>
<td></td>
<td>16</td>
<td>com.kt.enrollez.Broker_Representaive_TestCase@343f4d3d</td></tr>
<tr>
<td title='com.kt.enrollez.Broker_Representaive_TestCase.Delete_Rep()'><b>Delete_Rep</b><br>Test class: com.kt.enrollez.Broker_Representaive_TestCase</td>
<td></td>
<td>0</td>
<td>com.kt.enrollez.Broker_Representaive_TestCase@343f4d3d</td></tr>
<tr>
<td title='com.kt.enrollez.Broker_Dashbaord_TestCase.Employer_Tab()'><b>Employer_Tab</b><br>Test class: com.kt.enrollez.Broker_Dashbaord_TestCase</td>
<td></td>
<td>0</td>
<td>com.kt.enrollez.Broker_Dashbaord_TestCase@5442a311</td></tr>
<tr>
<td title='com.kt.enrollez.Broker_Representaive_TestCase.Update_BrokerRep()'><b>Update_BrokerRep</b><br>Test class: com.kt.enrollez.Broker_Representaive_TestCase<br>Parameters: TC01, BlankdData,  ,  ,  ,  , >> Select, >> Select,  ,  ,  , required.</td>
<td></td>
<td>10</td>
<td>com.kt.enrollez.Broker_Representaive_TestCase@343f4d3d</td></tr>
<tr>
<td title='com.kt.enrollez.Broker_Representaive_TestCase.Update_BrokerRep()'><b>Update_BrokerRep</b><br>Test class: com.kt.enrollez.Broker_Representaive_TestCase<br>Parameters: TC02, InvalidInfo, Sunil, Street-01, Street-02, pune, India, Goa, 652152, 9999, test4gmail.com, Please enter a valid email address.</td>
<td></td>
<td>11</td>
<td>com.kt.enrollez.Broker_Representaive_TestCase@343f4d3d</td></tr>
<tr>
<td title='com.kt.enrollez.Broker_Representaive_TestCase.Update_BrokerRep()'><b>Update_BrokerRep</b><br>Test class: com.kt.enrollez.Broker_Representaive_TestCase<br>Parameters: TC03, ValidInfo, Sunil, Street-01, Street-02, pune, India, Goa, 652152, 9999999999, test4@gmail.com, Broker Representative information has been updated successfully. </td>
<td></td>
<td>12</td>
<td>com.kt.enrollez.Broker_Representaive_TestCase@343f4d3d</td></tr>
<tr>
<td title='com.kt.enrollez.Broker_Representaive_TestCase.VerifyClick()'><b>VerifyClick</b><br>Test class: com.kt.enrollez.Broker_Representaive_TestCase</td>
<td></td>
<td>4</td>
<td>com.kt.enrollez.Broker_Representaive_TestCase@343f4d3d</td></tr>
<tr>
<td title='com.kt.enrollez.Broker_Dashbaord_TestCase.Verify_AddEmployer_link()'><b>Verify_AddEmployer_link</b><br>Test class: com.kt.enrollez.Broker_Dashbaord_TestCase</td>
<td></td>
<td>4</td>
<td>com.kt.enrollez.Broker_Dashbaord_TestCase@5442a311</td></tr>
<tr>
<td title='com.kt.enrollez.Broker_Login_TestCase.Verify_Application_Title()'><b>Verify_Application_Title</b><br>Test class: com.kt.enrollez.Broker_Login_TestCase</td>
<td></td>
<td>0</td>
<td>com.kt.enrollez.Broker_Login_TestCase@53b32d7</td></tr>
<tr>
<td title='com.kt.enrollez.Broker_Login_TestCase.Verify_Application_Url()'><b>Verify_Application_Url</b><br>Test class: com.kt.enrollez.Broker_Login_TestCase</td>
<td></td>
<td>0</td>
<td>com.kt.enrollez.Broker_Login_TestCase@53b32d7</td></tr>
<tr>
<td title='com.kt.enrollez.Broker_Dashbaord_TestCase.Verify_BrokerRep_link()'><b>Verify_BrokerRep_link</b><br>Test class: com.kt.enrollez.Broker_Dashbaord_TestCase</td>
<td></td>
<td>5</td>
<td>com.kt.enrollez.Broker_Dashbaord_TestCase@5442a311</td></tr>
<tr>
<td title='com.kt.enrollez.Broker_Representaive_TestCase.Verify_Cancel_Broker()'><b>Verify_Cancel_Broker</b><br>Test class: com.kt.enrollez.Broker_Representaive_TestCase<br>Parameters: TC01, VerifyCancelFunctionality, Sunil, Kumar, Street-01, Street-02, pune, India, Goa, 652152, 9999999999, test4@gmail.com, Broker Representative List</td>
<td></td>
<td>17</td>
<td>com.kt.enrollez.Broker_Representaive_TestCase@343f4d3d</td></tr>
<tr>
<td title='com.kt.enrollez.Broker_Dashbaord_TestCase.Verify_Credentials_link()'><b>Verify_Credentials_link</b><br>Test class: com.kt.enrollez.Broker_Dashbaord_TestCase</td>
<td></td>
<td>3</td>
<td>com.kt.enrollez.Broker_Dashbaord_TestCase@5442a311</td></tr>
<tr>
<td title='com.kt.enrollez.Broker_Dashbaord_TestCase.Verify_Details_link()'><b>Verify_Details_link</b><br>Test class: com.kt.enrollez.Broker_Dashbaord_TestCase</td>
<td></td>
<td>3</td>
<td>com.kt.enrollez.Broker_Dashbaord_TestCase@5442a311</td></tr>
<tr>
<td title='com.kt.enrollez.Broker_Dashbaord_TestCase.Verify_EmployerList_link()'><b>Verify_EmployerList_link</b><br>Test class: com.kt.enrollez.Broker_Dashbaord_TestCase</td>
<td></td>
<td>2</td>
<td>com.kt.enrollez.Broker_Dashbaord_TestCase@5442a311</td></tr>
<tr>
<td title='com.kt.enrollez.Broker_Login_TestCase.Verify_Login()'><b>Verify_Login</b><br>Test class: com.kt.enrollez.Broker_Login_TestCase<br>Parameters: KTB01, DatawithBlank, , , Login was unsuccessful. Please check your login information and retry.</td>
<td></td>
<td>4</td>
<td>com.kt.enrollez.Broker_Login_TestCase@53b32d7</td></tr>
<tr>
<td title='com.kt.enrollez.Broker_Login_TestCase.Verify_Login()'><b>Verify_Login</b><br>Test class: com.kt.enrollez.Broker_Login_TestCase<br>Parameters: KTB02, invalidData, abc, 1234, Login was unsuccessful. Please check your login information and retry.</td>
<td></td>
<td>3</td>
<td>com.kt.enrollez.Broker_Login_TestCase@53b32d7</td></tr>
<tr>
<td title='com.kt.enrollez.Broker_Login_TestCase.Verify_Login()'><b>Verify_Login</b><br>Test class: com.kt.enrollez.Broker_Login_TestCase<br>Parameters: KTB03, ValidData, TestBroker, 12345678, Welcome TestBroker!</td>
<td></td>
<td>11</td>
<td>com.kt.enrollez.Broker_Login_TestCase@53b32d7</td></tr>
<tr>
<td title='com.kt.enrollez.Broker_Representaive_TestCase.Verify_Login_WithValidInputs()'><b>Verify_Login_WithValidInputs</b><br>Test class: com.kt.enrollez.Broker_Representaive_TestCase</td>
<td></td>
<td>24</td>
<td>com.kt.enrollez.Broker_Representaive_TestCase@343f4d3d</td></tr>
<tr>
<td title='com.kt.enrollez.Broker_Dashbaord_TestCase.Verify_Login_WithValidInputs()'><b>Verify_Login_WithValidInputs</b><br>Test class: com.kt.enrollez.Broker_Dashbaord_TestCase</td>
<td></td>
<td>11</td>
<td>com.kt.enrollez.Broker_Dashbaord_TestCase@5442a311</td></tr>
<tr>
<td title='com.kt.enrollez.Broker_AddEmployer_TestCase.Verify_Login_WithValidInputs()'><b>Verify_Login_WithValidInputs</b><br>Test class: com.kt.enrollez.Broker_AddEmployer_TestCase</td>
<td></td>
<td>15</td>
<td>com.kt.enrollez.Broker_AddEmployer_TestCase@548e7350</td></tr>
<tr>
<td title='com.kt.enrollez.Broker_Login_TestCase.Verify_Logo()'><b>Verify_Logo</b><br>Test class: com.kt.enrollez.Broker_Login_TestCase</td>
<td></td>
<td>0</td>
<td>com.kt.enrollez.Broker_Login_TestCase@53b32d7</td></tr>
<tr>
<td title='com.kt.enrollez.Broker_Login_TestCase.Verify_Placeholder_ofAllfields()'><b>Verify_Placeholder_ofAllfields</b><br>Test class: com.kt.enrollez.Broker_Login_TestCase</td>
<td></td>
<td>0</td>
<td>com.kt.enrollez.Broker_Login_TestCase@53b32d7</td></tr>
<tr>
<td title='com.kt.enrollez.Broker_Dashbaord_TestCase.Verify_SearchEmployee_link()'><b>Verify_SearchEmployee_link</b><br>Test class: com.kt.enrollez.Broker_Dashbaord_TestCase</td>
<td></td>
<td>2</td>
<td>com.kt.enrollez.Broker_Dashbaord_TestCase@5442a311</td></tr>
<tr>
<td title='com.kt.enrollez.Broker_Dashbaord_TestCase.Verify_SearchEmployer_link()'><b>Verify_SearchEmployer_link</b><br>Test class: com.kt.enrollez.Broker_Dashbaord_TestCase</td>
<td></td>
<td>2</td>
<td>com.kt.enrollez.Broker_Dashbaord_TestCase@5442a311</td></tr>
<tr>
<td title='com.kt.enrollez.Broker_Dashbaord_TestCase.Verify_UserList_link()'><b>Verify_UserList_link</b><br>Test class: com.kt.enrollez.Broker_Dashbaord_TestCase</td>
<td></td>
<td>3</td>
<td>com.kt.enrollez.Broker_Dashbaord_TestCase@5442a311</td></tr>
<tr>
<td title='com.kt.enrollez.Broker_Representaive_TestCase.printTable()'><b>printTable</b><br>Test class: com.kt.enrollez.Broker_Representaive_TestCase</td>
<td></td>
<td>1</td>
<td>com.kt.enrollez.Broker_Representaive_TestCase@343f4d3d</td></tr>
</table><p>
</body>
</html>